app/build/outputs/logs/manifest-merger-debug-report.txt
-- Merging decision tree log ---
manifest
ADDED from src\main\AndroidManifest.xml:17:1-54:12
	package
		ADDED from src\main\AndroidManifest.xml:18:9-45
		INJECTED from src\main\AndroidManifest.xml
		INJECTED from src\main\AndroidManifest.xml
	xmlns:android
		ADDED from src\main\AndroidManifest.xml:17:11-69
uses-permission#android.permission.INTERNET
ADDED from src\main\AndroidManifest.xml:20:5-66
	android:name
		ADDED from src\main\AndroidManifest.xml:20:22-64
uses-sdk
ADDED from src\main\AndroidManifest.xml:22:5-43
	android:targetSdkVersion
		INJECTED from src\main\AndroidManifest.xml
		INJECTED from src\main\AndroidManifest.xml
	android:minSdkVersion
		ADDED from src\main\AndroidManifest.xml:22:15-41
		INJECTED from src\main\AndroidManifest.xml
		INJECTED from src\main\AndroidManifest.xml
application
ADDED from src\main\AndroidManifest.xml:24:5-52:19
	android:label
		ADDED from src\main\AndroidManifest.xml:24:18-37
	android:icon
		ADDED from src\main\AndroidManifest.xml:25:9-45
activity#com.example.android.toyvpn.MainActivity2
ADDED from src\main\AndroidManifest.xml:27:9-28:104
	android:theme
		ADDED from src\main\AndroidManifest.xml:28:13-92
	android:name
		ADDED from src\main\AndroidManifest.xml:27:19-48
activity#com.example.android.toyvpn.MainActivity
ADDED from src\main\AndroidManifest.xml:30:9-36:20
	android:theme
		ADDED from src\main\AndroidManifest.xml:31:13-92
	android:name
		ADDED from src\main\AndroidManifest.xml:30:19-47
intent-filter#android.intent.action.MAIN+android.intent.category.LAUNCHER
ADDED from src\main\AndroidManifest.xml:32:13-35:29
action#android.intent.action.MAIN
ADDED from src\main\AndroidManifest.xml:33:17-68
	android:name
		ADDED from src\main\AndroidManifest.xml:33:25-66
category#android.intent.category.LAUNCHER
ADDED from src\main\AndroidManifest.xml:34:17-76
	android:name
		ADDED from src\main\AndroidManifest.xml:34:27-74
activity#com.example.android.toyvpn.ToyVpnClient
ADDED from src\main\AndroidManifest.xml:38:9-41:20
	android:configChanges
		ADDED from src\main\AndroidManifest.xml:39:13-63
	android:name
		ADDED from src\main\AndroidManifest.xml:38:19-47
service#com.example.android.toyvpn.ToyVpnService
ADDED from src\main\AndroidManifest.xml:44:9-49:19
	android:permission
		ADDED from src\main\AndroidManifest.xml:45:17-73
	android:name
		ADDED from src\main\AndroidManifest.xml:44:18-47
intent-filter#android.net.VpnService
ADDED from src\main\AndroidManifest.xml:46:13-48:29
action#android.net.VpnService
ADDED from src\main\AndroidManifest.xml:47:17-64
	android:name
		ADDED from src\main\AndroidManifest.xml:47:25-62
activity#com.example.android.toyvpn.DataCheckActivity
ADDED from src\main\AndroidManifest.xml:50:9-51:104
	android:theme
		ADDED from src\main\AndroidManifest.xml:51:13-92
	android:name
		ADDED from src\main\AndroidManifest.xml:50:19-52